2022-12-20 17:07:05:75 [35mhttp[39m: [35mPOST /api/v1/store 400 933 - 27.455 ms[39m
[35m[39m
2022-12-20 17:14:54:1454 [35mhttp[39m: [35mPOST /api/v1/store 400 933 - 10.700 ms[39m
[35m[39m
2022-12-20 17:16:28:1628 [35mhttp[39m: [35mGET /api/v1/store 200 2 - 4.482 ms[39m
[35m[39m
2022-12-20 17:17:55:1755 [35mhttp[39m: [35mGET /api/v1/store 200 2 - 2.548 ms[39m
[35m[39m
2022-12-20 17:19:56:1956 [35mhttp[39m: [35mGET /api/v1/users/currentuser 200 20 - 0.774 ms[39m
[35m[39m
2022-12-20 17:19:57:1957 [35mhttp[39m: [35mGET /api/v1/users/currentuser 200 20 - 0.183 ms[39m
[35m[39m
2022-12-20 17:19:59:1959 [35mhttp[39m: [35mGET /api/v1/users/currentuser 200 20 - 0.220 ms[39m
[35m[39m
2022-12-20 17:20:01:201 [35mhttp[39m: [35mGET /api/v1/users/currentuser 200 20 - 0.204 ms[39m
[35m[39m
2022-12-20 17:20:46:2046 [35mhttp[39m: [35mPOST /api/v1/users/signup 201 361 - 70.461 ms[39m
[35m[39m
2022-12-20 17:20:46:2046 [35mhttp[39m: [35mGET /api/v1/users/currentuser 200 20 - 0.182 ms[39m
[35m[39m
2022-12-20 17:20:46:2046 [35mhttp[39m: [35mGET /api/v1/users/currentuser 200 20 - 0.353 ms[39m
[35m[39m
2022-12-20 17:21:19:2119 [35mhttp[39m: [35mGET /api/v1/users/currentuser 200 20 - 0.226 ms[39m
[35m[39m
2022-12-20 17:29:03:293 [35mhttp[39m: [35mGET /api/v1/users/currentuser 200 20 - 0.910 ms[39m
[35m[39m
2022-12-20 17:30:43:3043 [35mhttp[39m: [35mGET /api/v1/users/currentuser 200 20 - 0.191 ms[39m
[35m[39m
2022-12-20 17:31:51:3151 [35mhttp[39m: [35mGET /api/v1/users/currentuser 200 20 - 0.211 ms[39m
[35m[39m
2022-12-20 17:32:22:3222 [35mhttp[39m: [35mGET /api/v1/users/currentuser 200 20 - 0.215 ms[39m
[35m[39m
2022-12-20 17:32:45:3245 [35mhttp[39m: [35mGET /api/v1/users/currentuser 200 20 - 0.176 ms[39m
[35m[39m
2022-12-20 17:35:23:3523 [35mhttp[39m: [35mGET /api/v1/users/currentuser 200 20 - 1.861 ms[39m
[35m[39m
2022-12-20 17:36:42:3642 [35mhttp[39m: [35mPOST /api/v1/users/signup 400 40 - 30.892 ms[39m
[35m[39m
2022-12-20 17:37:02:372 [35mhttp[39m: [35mPOST /api/v1/users/signup 201 367 - 100.556 ms[39m
[35m[39m
2022-12-20 17:37:02:372 [35mhttp[39m: [35mGET /api/v1/users/currentuser 200 20 - 0.196 ms[39m
[35m[39m
2022-12-20 17:37:03:373 [35mhttp[39m: [35mGET /api/v1/users/currentuser 200 20 - 0.290 ms[39m
[35m[39m
2022-12-20 17:37:13:3713 [35mhttp[39m: [35mPOST /api/v1/users/signin 200 367 - 76.753 ms[39m
[35m[39m
2022-12-20 17:37:13:3713 [35mhttp[39m: [35mGET /api/v1/users/currentuser 200 20 - 0.177 ms[39m
[35m[39m
2022-12-20 17:37:13:3713 [35mhttp[39m: [35mGET /api/v1/users/currentuser 200 20 - 0.177 ms[39m
[35m[39m
2022-12-20 17:37:20:3720 [35mhttp[39m: [35mPOST /api/v1/users/signin 200 367 - 71.102 ms[39m
[35m[39m
2022-12-20 17:37:20:3720 [35mhttp[39m: [35mGET /api/v1/users/currentuser 200 20 - 0.341 ms[39m
[35m[39m
2022-12-20 17:37:20:3720 [35mhttp[39m: [35mGET /api/v1/users/currentuser 200 20 - 0.330 ms[39m
[35m[39m
2022-12-20 17:37:38:3738 [35mhttp[39m: [35mGET /api/v1/users/currentuser 200 20 - 0.187 ms[39m
[35m[39m
2022-12-20 17:37:38:3738 [35mhttp[39m: [35mGET /api/v1/users/currentuser 200 20 - 0.369 ms[39m
[35m[39m
2022-12-20 17:38:19:3819 [35mhttp[39m: [35mGET /api/v1/users/currentuser 200 20 - 0.419 ms[39m
[35m[39m
2022-12-20 17:38:25:3825 [35mhttp[39m: [35mGET /api/v1/users/currentuser 200 20 - 0.245 ms[39m
[35m[39m
2022-12-20 17:42:00:420 [35mhttp[39m: [35mPOST /api/v1/users/signup 201 363 - 70.627 ms[39m
[35m[39m
2022-12-20 17:42:01:421 [35mhttp[39m: [35mGET /api/v1/users/currentuser 200 20 - 0.214 ms[39m
[35m[39m
2022-12-20 17:42:01:421 [35mhttp[39m: [35mGET /api/v1/users/currentuser 200 20 - 0.285 ms[39m
[35m[39m
2022-12-20 17:50:58:5058 [35mhttp[39m: [35mGET /api/v1/users/currentuser 200 20 - 2.280 ms[39m
[35m[39m
2022-12-20 17:50:58:5058 [35mhttp[39m: [35mGET /api/v1/users/currentuser 200 20 - 0.394 ms[39m
[35m[39m
2022-12-20 17:50:58:5058 [35mhttp[39m: [35mGET /api/v1/users/currentuser 200 20 - 0.187 ms[39m
[35m[39m
2022-12-20 17:50:58:5058 [35mhttp[39m: [35mGET /api/v1/users/currentuser 200 20 - 0.221 ms[39m
[35m[39m
2022-12-20 17:51:11:5111 [35mhttp[39m: [35mGET /api/v1/store 200 2 - 13.310 ms[39m
[35m[39m
2022-12-20 17:51:13:5113 [35mhttp[39m: [35mGET /api/v1/users/currentuser 200 20 - 0.211 ms[39m
[35m[39m
2022-12-20 17:51:15:5115 [35mhttp[39m: [35mGET /api/v1/store 200 2 - 3.636 ms[39m
[35m[39m
2022-12-20 17:51:29:5129 [35mhttp[39m: [35mGET /api/v1/users/currentuser 200 20 - 0.320 ms[39m
[35m[39m
2022-12-20 17:51:29:5129 [35mhttp[39m: [35mGET /api/v1/users/currentuser 200 20 - 0.206 ms[39m
[35m[39m
2022-12-20 17:51:46:5146 [35mhttp[39m: [35mPOST /api/v1/users/signup 201 367 - 97.870 ms[39m
[35m[39m
2022-12-20 17:51:46:5146 [35mhttp[39m: [35mGET /api/v1/users/currentuser 200 20 - 0.201 ms[39m
[35m[39m
2022-12-20 17:51:46:5146 [35mhttp[39m: [35mGET /api/v1/users/currentuser 200 20 - 0.204 ms[39m
[35m[39m
2022-12-20 17:51:57:5157 [35mhttp[39m: [35mPOST /api/v1/users/signin 200 367 - 79.671 ms[39m
[35m[39m
2022-12-20 17:51:57:5157 [35mhttp[39m: [35mGET /api/v1/users/currentuser 200 20 - 0.234 ms[39m
[35m[39m
2022-12-20 17:51:57:5157 [35mhttp[39m: [35mGET /api/v1/users/currentuser 200 20 - 0.186 ms[39m
[35m[39m
2022-12-20 17:52:02:522 [35mhttp[39m: [35mPOST /api/v1/users/signin 200 367 - 54.272 ms[39m
[35m[39m
2022-12-20 17:52:02:522 [35mhttp[39m: [35mGET /api/v1/users/currentuser 200 20 - 0.208 ms[39m
[35m[39m
2022-12-20 17:52:02:522 [35mhttp[39m: [35mGET /api/v1/users/currentuser 200 20 - 0.375 ms[39m
[35m[39m
2022-12-20 18:17:04:174 [35mhttp[39m: [35mGET /api/v1/users/currentuser 200 20 - 1.954 ms[39m
[35m[39m
2022-12-20 18:17:04:174 [35mhttp[39m: [35mGET /api/v1/users/currentuser 200 20 - 0.371 ms[39m
[35m[39m
2022-12-20 18:17:04:174 [35mhttp[39m: [35mGET /api/v1/users/currentuser 200 20 - 0.127 ms[39m
[35m[39m
2022-12-20 18:17:05:175 [35mhttp[39m: [35mGET /api/v1/users/currentuser 200 20 - 0.211 ms[39m
[35m[39m
2022-12-20 18:17:12:1712 [35mhttp[39m: [35mGET /api/v1/users/currentuser 200 20 - 1.331 ms[39m
[35m[39m
2022-12-20 18:17:12:1712 [35mhttp[39m: [35mGET /api/v1/users/currentuser 200 20 - 0.529 ms[39m
[35m[39m
2022-12-20 18:17:26:1726 [35mhttp[39m: [35mPOST /api/v1/users/signup 201 361 - 96.819 ms[39m
[35m[39m
2022-12-20 18:17:26:1726 [35mhttp[39m: [35mGET /api/v1/users/currentuser 200 20 - 0.205 ms[39m
[35m[39m
2022-12-20 18:17:26:1726 [35mhttp[39m: [35mGET /api/v1/users/currentuser 200 20 - 0.203 ms[39m
[35m[39m
2022-12-21 08:21:59:2159 [35mhttp[39m: [35mGET /api/v1/users/currentuser 200 20 - 1.875 ms[39m
[35m[39m
2022-12-21 08:22:00:220 [35mhttp[39m: [35mGET /api/v1/users/currentuser 200 20 - 0.435 ms[39m
[35m[39m
2022-12-21 08:22:21:2221 [35mhttp[39m: [35mPOST /api/v1/users/signup 201 363 - 87.573 ms[39m
[35m[39m
2022-12-21 08:22:21:2221 [35mhttp[39m: [35mGET /api/v1/users/currentuser 200 20 - 0.226 ms[39m
[35m[39m
2022-12-21 08:22:21:2221 [35mhttp[39m: [35mGET /api/v1/users/currentuser 200 20 - 0.345 ms[39m
[35m[39m
2022-12-21 08:24:34:2434 [35mhttp[39m: [35mPOST /api/v1/users/signup 201 361 - 83.286 ms[39m
[35m[39m
2022-12-21 08:24:34:2434 [35mhttp[39m: [35mGET /api/v1/users/currentuser 200 20 - 0.422 ms[39m
[35m[39m
2022-12-21 08:24:34:2434 [35mhttp[39m: [35mGET /api/v1/users/currentuser 200 20 - 0.294 ms[39m
[35m[39m
2022-12-21 08:27:10:2710 [35mhttp[39m: [35mPOST /api/v1/users/signup 201 363 - 84.416 ms[39m
[35m[39m
2022-12-21 08:27:10:2710 [35mhttp[39m: [35mGET /api/v1/users/currentuser 200 20 - 0.383 ms[39m
[35m[39m
2022-12-21 08:27:10:2710 [35mhttp[39m: [35mGET /api/v1/users/currentuser 200 20 - 0.365 ms[39m
[35m[39m
2022-12-21 08:36:25:3625 [35mhttp[39m: [35mPOST /api/v1/users/signup 201 361 - 74.642 ms[39m
[35m[39m
2022-12-21 08:38:26:3826 [35mhttp[39m: [35mPOST /api/v1/users/signup 400 40 - 6.246 ms[39m
[35m[39m
2022-12-21 08:38:30:3830 [35mhttp[39m: [35mPOST /api/v1/users/signup 201 361 - 88.090 ms[39m
[35m[39m
2022-12-21 08:39:47:3947 [35mhttp[39m: [35mPOST /api/v1/users/signup 201 361 - 67.855 ms[39m
[35m[39m
2022-12-21 08:40:16:4016 [35mhttp[39m: [35mPOST /api/v1/users/signup 201 263 - 101.038 ms[39m
[35m[39m
2022-12-21 08:59:09:599 [35mhttp[39m: [35mGET /api/v1/users/currentuser 200 20 - 1.629 ms[39m
[35m[39m
2022-12-21 08:59:10:5910 [35mhttp[39m: [35mGET /api/v1/users/currentuser 200 20 - 0.457 ms[39m
[35m[39m
2022-12-21 09:14:57:1457 [35mhttp[39m: [35mGET /api/v1/users/currentuser 200 20 - 1.791 ms[39m
[35m[39m
2022-12-21 09:14:58:1458 [35mhttp[39m: [35mGET /api/v1/users/currentuser 200 20 - 0.455 ms[39m
[35m[39m
2022-12-21 09:30:18:3018 [35mhttp[39m: [35mGET /api/v1/users/currentuser 200 20 - 2.136 ms[39m
[35m[39m
2022-12-21 09:30:19:3019 [35mhttp[39m: [35mGET /api/v1/users/currentuser 200 20 - 0.464 ms[39m
[35m[39m
2022-12-21 09:34:17:3417 [35mhttp[39m: [35mPOST /api/v1/users/signup 400 40 - 35.942 ms[39m
[35m[39m
2022-12-21 09:34:25:3425 [35mhttp[39m: [35mPOST /api/v1/users/signup 201 265 - 100.083 ms[39m
[35m[39m
2022-12-21 09:35:39:3539 [35mhttp[39m: [35mPOST /api/v1/users/signup 201 265 - 78.242 ms[39m
[35m[39m
2022-12-21 09:37:07:377 [35mhttp[39m: [35mPOST /api/v1/users/signup 201 265 - 92.132 ms[39m
[35m[39m
2022-12-21 09:44:39:4439 [35mhttp[39m: [35mPOST /api/v1/users/signup 201 264 - 87.888 ms[39m
[35m[39m
2022-12-21 09:46:22:4622 [35mhttp[39m: [35mPOST /api/v1/users/signup 201 265 - 67.578 ms[39m
[35m[39m
2022-12-21 09:47:14:4714 [35mhttp[39m: [35mPOST /api/v1/users/signup 400 40 - 12.597 ms[39m
[35m[39m
2022-12-21 09:47:20:4720 [35mhttp[39m: [35mPOST /api/v1/users/signup 201 265 - 56.595 ms[39m
[35m[39m
2022-12-21 09:48:49:4849 [35mhttp[39m: [35mPOST /api/v1/users/signup 201 279 - 83.375 ms[39m
[35m[39m
2022-12-21 09:49:34:4934 [35mhttp[39m: [35mPOST /api/v1/users/signup 201 277 - 80.380 ms[39m
[35m[39m
2022-12-21 09:49:37:4937 [35mhttp[39m: [35mPOST /api/v1/users/signup 400 40 - 7.845 ms[39m
[35m[39m
2022-12-21 09:49:54:4954 [35mhttp[39m: [35mPOST /api/v1/users/signup 201 277 - 71.461 ms[39m
[35m[39m
2022-12-21 09:50:29:5029 [35mhttp[39m: [35mPOST /api/v1/users/signup 400 40 - 8.704 ms[39m
[35m[39m
2022-12-21 09:50:33:5033 [35mhttp[39m: [35mPOST /api/v1/users/signup 201 277 - 65.005 ms[39m
[35m[39m
2022-12-21 09:50:34:5034 [35mhttp[39m: [35mGET /api/v1/users/currentuser 200 20 - 0.327 ms[39m
[35m[39m
2022-12-21 09:52:24:5224 [35mhttp[39m: [35mGET /api/v1/users/currentuser 200 20 - 0.245 ms[39m
[35m[39m
2022-12-21 09:52:39:5239 [35mhttp[39m: [35mPOST /api/v1/users/signup 201 285 - 71.154 ms[39m
[35m[39m
2022-12-21 09:52:42:5242 [35mhttp[39m: [35mPOST /api/v1/users/signup 400 40 - 11.941 ms[39m
[35m[39m
2022-12-21 09:52:50:5250 [35mhttp[39m: [35mPOST /api/v1/users/signup 201 285 - 64.409 ms[39m
[35m[39m
2022-12-21 09:56:05:565 [35mhttp[39m: [35mGET /api/v1/store 200 2 - 9.656 ms[39m
[35m[39m
2022-12-21 09:56:20:5620 [35mhttp[39m: [35mPOST /api/v1/users/signout 200 2 - 2.398 ms[39m
[35m[39m
2022-12-21 09:56:25:5625 [35mhttp[39m: [35mPOST /api/v1/users/signout 200 2 - 0.675 ms[39m
[35m[39m
2022-12-21 09:59:30:5930 [35mhttp[39m: [35mPOST /api/v1/users/signup 201 288 - 77.251 ms[39m
[35m[39m
2022-12-21 09:59:34:5934 [35mhttp[39m: [35mPOST /api/v1/users/signup 400 40 - 15.095 ms[39m
[35m[39m
2022-12-21 09:59:39:5939 [35mhttp[39m: [35mPOST /api/v1/users/signup 201 288 - 67.011 ms[39m
[35m[39m
2022-12-21 09:59:55:5955 [35mhttp[39m: [35mPOST /api/v1/users/signout 200 2 - 1.281 ms[39m
[35m[39m
2022-12-21 10:00:18:018 [35mhttp[39m: [35mPOST /api/v1/users/signup 201 275 - 70.319 ms[39m
[35m[39m
2022-12-21 10:01:10:110 [35mhttp[39m: [35mPOST /api/v1/users/signout 200 2 - 2.193 ms[39m
[35m[39m
2022-12-21 10:01:32:132 [35mhttp[39m: [35mPOST /api/v1/users/signup 201 277 - 65.502 ms[39m
[35m[39m
2022-12-21 11:17:26:1726 [35mhttp[39m: [35mPOST /api/v1/users/signout 200 2 - 14.115 ms[39m
[35m[39m
2022-12-21 11:23:30:2330 [35mhttp[39m: [35mPOST /api/v1/users/signup 201 281 - 94.146 ms[39m
[35m[39m
2022-12-21 11:28:06:286 [35mhttp[39m: [35mPOST /api/v1/users/signup 201 281 - 90.600 ms[39m
[35m[39m
2022-12-21 11:28:11:2811 [35mhttp[39m: [35mPOST /api/v1/users/signout 200 2 - 4.337 ms[39m
[35m[39m
2022-12-21 11:28:29:2829 [35mhttp[39m: [35mPOST /api/v1/users/signup 201 279 - 56.679 ms[39m
[35m[39m
2022-12-21 11:29:08:298 [35mhttp[39m: [35mPOST /api/v1/users/signout 200 2 - 1.272 ms[39m
[35m[39m
2022-12-21 11:29:27:2927 [35mhttp[39m: [35mPOST /api/v1/users/signup 201 284 - 76.822 ms[39m
[35m[39m
2022-12-21 11:30:46:3046 [35mhttp[39m: [35mPOST /api/v1/users/signout 200 2 - 2.388 ms[39m
[35m[39m
2022-12-21 11:31:03:313 [35mhttp[39m: [35mPOST /api/v1/users/signup 201 277 - 82.595 ms[39m
[35m[39m
2022-12-21 11:36:34:3634 [35mhttp[39m: [35mPOST /api/v1/users/signup 201 277 - 87.306 ms[39m
[35m[39m
2022-12-21 11:37:12:3712 [35mhttp[39m: [35mPOST /api/v1/users/signout 200 2 - 1.410 ms[39m
[35m[39m
2022-12-21 11:37:28:3728 [35mhttp[39m: [35mPOST /api/v1/users/signup 201 279 - 69.696 ms[39m
[35m[39m
2022-12-21 11:39:42:3942 [35mhttp[39m: [35mPOST /api/v1/users/signup 201 279 - 79.335 ms[39m
[35m[39m
2022-12-21 11:39:45:3945 [35mhttp[39m: [35mPOST /api/v1/users/signout 200 2 - 3.353 ms[39m
[35m[39m
